TN:
SF:app.js
FNF:0
FNH:0
DA:5,2
DA:7,2
DA:8,2
DA:9,2
LF:4
LH:4
BRF:0
BRH:0
end_of_record
TN:
SF:controllers\bookController.js
FN:5,(anonymous_0)
FN:15,(anonymous_1)
FN:33,(anonymous_2)
FN:57,(anonymous_3)
FNF:4
FNH:4
FNDA:8,(anonymous_0)
FNDA:9,(anonymous_1)
FNDA:9,(anonymous_2)
FNDA:9,(anonymous_3)
DA:5,3
DA:6,8
DA:7,8
DA:8,7
DA:10,1
DA:15,3
DA:16,9
DA:24,9
DA:25,9
DA:26,6
DA:28,3
DA:33,3
DA:34,9
DA:35,9
DA:37,9
DA:38,2
DA:41,7
DA:43,6
DA:44,3
DA:47,3
DA:49,1
DA:50,0
DA:52,1
DA:57,3
DA:58,9
DA:59,9
DA:61,9
DA:62,2
DA:65,7
DA:67,6
DA:68,3
DA:71,3
DA:73,1
DA:74,0
DA:76,1
LF:35
LH:33
BRDA:37,0,0,2
BRDA:37,0,1,7
BRDA:43,1,0,3
BRDA:43,1,1,3
BRDA:49,2,0,0
BRDA:49,2,1,1
BRDA:61,3,0,2
BRDA:61,3,1,7
BRDA:67,4,0,3
BRDA:67,4,1,3
BRDA:73,5,0,0
BRDA:73,5,1,1
BRF:12
BRH:10
end_of_record
TN:
SF:models\Book.js
FNF:0
FNH:0
DA:3,2
LF:1
LH:1
BRF:0
BRH:0
end_of_record
TN:
SF:routes\bookRoutes.js
FNF:0
FNH:0
DA:9,2
DA:11,2
DA:12,2
DA:13,2
DA:14,2
LF:5
LH:5
BRF:0
BRH:0
end_of_record
